TRAINING>>TESTNODE_RED>>default>>0>>1638367370477
2871<<Administration Result<<2021-12-01 16:02:51.384 EET<<DESKTOP-D3S4J1D\RED<<deploy<<C:/Users/RED/IBM/IIBT10/workspace/GeneratedBarFiles/TRAININGproject.generated.bar<<BAR<<default<<ExecutionGroup<<COMPLETE
TRAINING>>TESTNODE_RED>>default>>0>>1638367433095
2871<<Administration Result<<2021-12-01 16:03:53.597 EET<<DESKTOP-D3S4J1D\RED<<deploy<<C:/Users/RED/IBM/IIBT10/workspace/GeneratedBarFiles/TRAININGproject.generated.bar<<BAR<<default<<ExecutionGroup<<COMPLETE
TRAININGproject.generated.bar>>TESTNODE_RED>>default>>0>>1638367605309
2871<<Administration Result<<2021-12-01 16:06:45.911 EET<<DESKTOP-D3S4J1D\RED<<deploy<<C:/Users/RED/IBM/IIBT10/workspace/GeneratedBarFiles/TRAININGproject.generated.bar<<BAR<<default<<ExecutionGroup<<COMPLETE
WORK>>TESTNODE_RED>>default>>0>>1638367694106
2871<<Administration Result<<2021-12-01 16:08:14.241 EET<<DESKTOP-D3S4J1D\RED<<deploy<<C:/Users/RED/IBM/IIBT10/workspace/GeneratedBarFiles/WORKproject.generated.bar<<BAR<<default<<ExecutionGroup<<COMPLETE
WORK>>TESTNODE_RED>>default>>0>>1638367769604
2871<<Administration Result<<2021-12-01 16:09:29.746 EET<<DESKTOP-D3S4J1D\RED<<deploy<<C:/Users/RED/IBM/IIBT10/workspace/GeneratedBarFiles/WORKproject.generated.bar<<BAR<<default<<ExecutionGroup<<COMPLETE
WORK>>TESTNODE_RED>>default>>0>>1638369329641
2871<<Administration Result<<2021-12-01 16:35:30.125 EET<<DESKTOP-D3S4J1D\RED<<deploy<<C:/Users/RED/IBM/IIBT10/workspace/GeneratedBarFiles/WORKproject.generated.bar<<BAR<<default<<ExecutionGroup<<COMPLETE
WORK>>TESTNODE_RED>>default>>0>>1638369517599
2871<<Administration Result<<2021-12-01 16:38:38.785 EET<<DESKTOP-D3S4J1D\RED<<deploy<<C:/Users/RED/IBM/IIBT10/workspace/GeneratedBarFiles/WORKproject.generated.bar<<BAR<<default<<ExecutionGroup<<COMPLETE
WORKproject.generated.bar>>TESTNODE_RED>>default>>0>>1638369529265
2871<<Administration Result<<2021-12-01 16:38:54.259 EET<<DESKTOP-D3S4J1D\RED<<deploy<<C:/Users/RED/IBM/IIBT10/workspace/GeneratedBarFiles/WORKproject.generated.bar<<BAR<<default<<ExecutionGroup<<COMPLETE
WORK>>TESTNODE_RED>>default>>0>>1638370040255
2871<<Administration Result<<2021-12-01 16:47:25.768 EET<<DESKTOP-D3S4J1D\RED<<deploy<<C:/Users/RED/IBM/IIBT10/workspace/GeneratedBarFiles/WORKproject.generated.bar<<BAR<<default<<ExecutionGroup<<COMPLETE
WORK>>TESTNODE_RED>>default>>0>>1638370318604
2871<<Administration Result<<2021-12-01 16:52:03.340 EET<<DESKTOP-D3S4J1D\RED<<deploy<<C:/Users/RED/IBM/IIBT10/workspace/GeneratedBarFiles/WORKproject.generated.bar<<BAR<<default<<ExecutionGroup<<COMPLETE
WORKproject.generated.bar>>TESTNODE_RED>>default>>0>>1638370338233
2871<<Administration Result<<2021-12-01 16:52:19.275 EET<<DESKTOP-D3S4J1D\RED<<deploy<<C:/Users/RED/IBM/IIBT10/workspace/GeneratedBarFiles/WORKproject.generated.bar<<BAR<<default<<ExecutionGroup<<COMPLETE
WORK>>TEST>>default>>0>>1638370786689
2871<<Administration Result<<2021-12-01 16:59:47.154 EET<<DESKTOP-D3S4J1D\RED<<deploy<<C:/Users/RED/IBM/IIBT10/workspace/GeneratedBarFiles/WORKproject.generated.bar<<BAR<<default<<ExecutionGroup<<COMPLETE
WORKproject.generated.bar>>TEST>>default>>0>>1638371264681
2871<<Administration Result<<2021-12-01 17:07:45.153 EET<<DESKTOP-D3S4J1D\RED<<deploy<<C:/Users/RED/IBM/IIBT10/workspace/GeneratedBarFiles/WORKproject.generated.bar<<BAR<<default<<ExecutionGroup<<COMPLETE
WORK>>TEST>>default>>0>>1638374594340
2871<<Administration Result<<2021-12-01 18:03:17.007 EET<<DESKTOP-D3S4J1D\RED<<deploy<<C:/Users/RED/IBM/IIBT10/workspace/GeneratedBarFiles/WORKproject.generated.bar<<BAR<<default<<ExecutionGroup<<COMPLETE
WORK>>TEST>>default>>0>>1638375057542
2871<<Administration Result<<2021-12-01 18:11:00.358 EET<<DESKTOP-D3S4J1D\RED<<deploy<<C:/Users/RED/IBM/IIBT10/workspace/GeneratedBarFiles/WORKproject.generated.bar<<BAR<<default<<ExecutionGroup<<COMPLETE
WORK>>TEST>>default>>0>>1638375130518
2871<<Administration Result<<2021-12-01 18:12:11.508 EET<<DESKTOP-D3S4J1D\RED<<deploy<<C:/Users/RED/IBM/IIBT10/workspace/GeneratedBarFiles/WORKproject.generated.bar<<BAR<<default<<ExecutionGroup<<COMPLETE
WORK>>TEST>>default>>0>>1638375314691
2871<<Administration Result<<2021-12-01 18:15:15.468 EET<<DESKTOP-D3S4J1D\RED<<deploy<<C:/Users/RED/IBM/IIBT10/workspace/GeneratedBarFiles/WORKproject.generated.bar<<BAR<<default<<ExecutionGroup<<COMPLETE
WORK>>TEST>>default>>0>>1638375585061
2871<<Administration Result<<2021-12-01 18:19:48.923 EET<<DESKTOP-D3S4J1D\RED<<deploy<<C:/Users/RED/IBM/IIBT10/workspace/GeneratedBarFiles/WORKproject.generated.bar<<BAR<<default<<ExecutionGroup<<COMPLETE
DFDLApp>>TEST>>default>>2>>1638444700374
2087<<Runtime Response<<2021-12-02 13:31:40.926 EET<<TEST<<46a71701-11e8-455e-9333-0f05d7c7aab1
4041<<Runtime Response<<2021-12-02 13:31:40.926 EET<<default<<a1b5127c-b3fa-4930-8ed6-0b3fffb33f7d
1301<<Runtime Response<<2021-12-02 13:31:40.926 EET<<DFDLApp<<DFDL_CSV<<DFDLApp
2871<<Administration Result<<2021-12-02 13:31:40.928 EET<<DESKTOP-D3S4J1D\RED<<deploy<<C:/Users/RED/IBM/IIBT10/workspace/GeneratedBarFiles/DFDLAppproject.generated.bar<<BAR<<default<<ExecutionGroup<<FAILED
WORK>>TEST>>default>>2>>1638444723703
2087<<Runtime Response<<2021-12-02 13:32:04.032 EET<<TEST<<46a71701-11e8-455e-9333-0f05d7c7aab1
4041<<Runtime Response<<2021-12-02 13:32:04.032 EET<<default<<a1b5127c-b3fa-4930-8ed6-0b3fffb33f7d
1301<<Runtime Response<<2021-12-02 13:32:04.032 EET<<WORK<<MessageModels<<WORK
2871<<Administration Result<<2021-12-02 13:32:04.032 EET<<DESKTOP-D3S4J1D\RED<<deploy<<C:/Users/RED/IBM/IIBT10/workspace/GeneratedBarFiles/WORKproject.generated.bar<<BAR<<default<<ExecutionGroup<<FAILED
WORKproject.generated.bar>>TEST>>default>>2>>1638444755934
2087<<Runtime Response<<2021-12-02 13:32:36.106 EET<<TEST<<46a71701-11e8-455e-9333-0f05d7c7aab1
4041<<Runtime Response<<2021-12-02 13:32:36.106 EET<<default<<a1b5127c-b3fa-4930-8ed6-0b3fffb33f7d
1301<<Runtime Response<<2021-12-02 13:32:36.106 EET<<WORK<<MessageModels<<WORK
2871<<Administration Result<<2021-12-02 13:32:36.106 EET<<DESKTOP-D3S4J1D\RED<<deploy<<C:/Users/RED/IBM/IIBT10/workspace/GeneratedBarFiles/WORKproject.generated.bar<<BAR<<default<<ExecutionGroup<<FAILED
MessageModels>>TEST>>default>>0>>1638444768630
2871<<Administration Result<<2021-12-02 13:32:50.681 EET<<DESKTOP-D3S4J1D\RED<<deploy<<C:/Users/RED/IBM/IIBT10/workspace/GeneratedBarFiles/MessageModelsproject.generated.bar<<BAR<<default<<ExecutionGroup<<COMPLETE
WORK>>TEST>>default>>0>>1638444777206
2871<<Administration Result<<2021-12-02 13:32:57.411 EET<<DESKTOP-D3S4J1D\RED<<deploy<<C:/Users/RED/IBM/IIBT10/workspace/GeneratedBarFiles/WORKproject.generated.bar<<BAR<<default<<ExecutionGroup<<COMPLETE
WORK>>TEST>>default>>0>>1638444982374
2871<<Administration Result<<2021-12-02 13:36:26.788 EET<<DESKTOP-D3S4J1D\RED<<deploy<<C:/Users/RED/IBM/IIBT10/workspace/GeneratedBarFiles/WORKproject.generated.bar<<BAR<<default<<ExecutionGroup<<COMPLETE
WORK>>TEST>>default>>0>>1638445587760
2871<<Administration Result<<2021-12-02 13:46:33.921 EET<<DESKTOP-D3S4J1D\RED<<deploy<<C:/Users/RED/IBM/IIBT10/workspace/GeneratedBarFiles/WORKproject.generated.bar<<BAR<<default<<ExecutionGroup<<COMPLETE
WORK>>TEST>>default>>0>>1638446733350
2871<<Administration Result<<2021-12-02 14:05:38.551 EET<<DESKTOP-D3S4J1D\RED<<deploy<<C:/Users/RED/IBM/IIBT10/workspace/GeneratedBarFiles/WORKproject.generated.bar<<BAR<<default<<ExecutionGroup<<COMPLETE
WORK>>TEST>>default>>0>>1638446891609
2871<<Administration Result<<2021-12-02 14:08:16.488 EET<<DESKTOP-D3S4J1D\RED<<deploy<<C:/Users/RED/IBM/IIBT10/workspace/GeneratedBarFiles/WORKproject.generated.bar<<BAR<<default<<ExecutionGroup<<COMPLETE
WORK>>TEST>>default>>2>>1638447292300
2087<<Runtime Response<<2021-12-02 14:14:57.296 EET<<TEST<<46a71701-11e8-455e-9333-0f05d7c7aab1
4041<<Runtime Response<<2021-12-02 14:14:57.296 EET<<default<<a1b5127c-b3fa-4930-8ed6-0b3fffb33f7d
2432<<Runtime Response<<2021-12-02 14:14:57.296 EET<<demo.TST_Compute.Main<<11.35<<demo.users<<Database, Environment, InputLocalEnvironment, OutputLocalEnvironment, InputRoot, InputBody, InputProperties, OutputRoot, InputExceptionList, OutputExceptionList, InputDestinationList, OutputDestinationList, QSelect, Result, TEST
2871<<Administration Result<<2021-12-02 14:14:57.297 EET<<DESKTOP-D3S4J1D\RED<<deploy<<C:/Users/RED/IBM/IIBT10/workspace/GeneratedBarFiles/WORKproject.generated.bar<<BAR<<default<<ExecutionGroup<<FAILED
WORK>>TEST>>default>>2>>1638447364215
2087<<Runtime Response<<2021-12-02 14:16:08.750 EET<<TEST<<46a71701-11e8-455e-9333-0f05d7c7aab1
4041<<Runtime Response<<2021-12-02 14:16:08.750 EET<<default<<a1b5127c-b3fa-4930-8ed6-0b3fffb33f7d
2432<<Runtime Response<<2021-12-02 14:16:08.750 EET<<demo.TST_Compute.Main<<11.35<<demo.users<<Database, Environment, InputLocalEnvironment, OutputLocalEnvironment, InputRoot, InputBody, InputProperties, OutputRoot, InputExceptionList, OutputExceptionList, InputDestinationList, OutputDestinationList, QSelect, Result, TEST
2871<<Administration Result<<2021-12-02 14:16:08.750 EET<<DESKTOP-D3S4J1D\RED<<deploy<<C:/Users/RED/IBM/IIBT10/workspace/GeneratedBarFiles/WORKproject.generated.bar<<BAR<<default<<ExecutionGroup<<FAILED
WORK>>TEST>>default>>2>>1638447438699
2087<<Runtime Response<<2021-12-02 14:17:22.164 EET<<TEST<<46a71701-11e8-455e-9333-0f05d7c7aab1
4041<<Runtime Response<<2021-12-02 14:17:22.164 EET<<default<<a1b5127c-b3fa-4930-8ed6-0b3fffb33f7d
2432<<Runtime Response<<2021-12-02 14:17:22.164 EET<<demo.TST_Compute.Main<<11.35<<demo.users<<Database, Environment, InputLocalEnvironment, OutputLocalEnvironment, InputRoot, InputBody, InputProperties, OutputRoot, InputExceptionList, OutputExceptionList, InputDestinationList, OutputDestinationList, QSelect, Result, TEST
2871<<Administration Result<<2021-12-02 14:17:22.164 EET<<DESKTOP-D3S4J1D\RED<<deploy<<C:/Users/RED/IBM/IIBT10/workspace/GeneratedBarFiles/WORKproject.generated.bar<<BAR<<default<<ExecutionGroup<<FAILED
WORK>>TEST>>default>>2>>1638447610831
2087<<Runtime Response<<2021-12-02 14:20:15.682 EET<<TEST<<46a71701-11e8-455e-9333-0f05d7c7aab1
4041<<Runtime Response<<2021-12-02 14:20:15.682 EET<<default<<a1b5127c-b3fa-4930-8ed6-0b3fffb33f7d
2420<<Runtime Response<<2021-12-02 14:20:15.682 EET<<demo.TST_Compute.Main<<9.65<<+
2871<<Administration Result<<2021-12-02 14:20:15.682 EET<<DESKTOP-D3S4J1D\RED<<deploy<<C:/Users/RED/IBM/IIBT10/workspace/GeneratedBarFiles/WORKproject.generated.bar<<BAR<<default<<ExecutionGroup<<FAILED
WORK>>TEST>>default>>0>>1638447814097
2871<<Administration Result<<2021-12-02 14:23:39.205 EET<<DESKTOP-D3S4J1D\RED<<deploy<<C:/Users/RED/IBM/IIBT10/workspace/GeneratedBarFiles/WORKproject.generated.bar<<BAR<<default<<ExecutionGroup<<COMPLETE
WORK>>TEST>>default>>0>>1638447924090
2871<<Administration Result<<2021-12-02 14:25:27.379 EET<<DESKTOP-D3S4J1D\RED<<deploy<<C:/Users/RED/IBM/IIBT10/workspace/GeneratedBarFiles/WORKproject.generated.bar<<BAR<<default<<ExecutionGroup<<COMPLETE
WORK>>TEST>>default>>0>>1638448016331
2871<<Administration Result<<2021-12-02 14:27:00.727 EET<<DESKTOP-D3S4J1D\RED<<deploy<<C:/Users/RED/IBM/IIBT10/workspace/GeneratedBarFiles/WORKproject.generated.bar<<BAR<<default<<ExecutionGroup<<COMPLETE
WORK>>TEST>>default>>2>>1638531199058
2087<<Runtime Response<<2021-12-03 13:33:24.153 EET<<TEST<<46a71701-11e8-455e-9333-0f05d7c7aab1
4041<<Runtime Response<<2021-12-03 13:33:24.153 EET<<default<<a1b5127c-b3fa-4930-8ed6-0b3fffb33f7d
2493<<Runtime Response<<2021-12-03 13:33:24.153 EET<<demo.TST_Compute.ValidateUsers<<11.30<<CARDINALITY<<1
2871<<Administration Result<<2021-12-03 13:33:24.153 EET<<DESKTOP-D3S4J1D\RED<<deploy<<C:/Users/RED/IBM/IIBT10/workspace/GeneratedBarFiles/WORKproject.generated.bar<<BAR<<default<<ExecutionGroup<<FAILED
WORK>>TEST>>default>>2>>1638531234752
2087<<Runtime Response<<2021-12-03 13:33:58.758 EET<<TEST<<46a71701-11e8-455e-9333-0f05d7c7aab1
4041<<Runtime Response<<2021-12-03 13:33:58.758 EET<<default<<a1b5127c-b3fa-4930-8ed6-0b3fffb33f7d
2493<<Runtime Response<<2021-12-03 13:33:58.758 EET<<demo.TST_Compute.ValidateUsers<<11.30<<CARDINALITY<<1
2871<<Administration Result<<2021-12-03 13:33:58.758 EET<<DESKTOP-D3S4J1D\RED<<deploy<<C:/Users/RED/IBM/IIBT10/workspace/GeneratedBarFiles/WORKproject.generated.bar<<BAR<<default<<ExecutionGroup<<FAILED
WORK>>TEST>>default>>2>>1638531278539
2087<<Runtime Response<<2021-12-03 13:34:42.426 EET<<TEST<<46a71701-11e8-455e-9333-0f05d7c7aab1
4041<<Runtime Response<<2021-12-03 13:34:42.426 EET<<default<<a1b5127c-b3fa-4930-8ed6-0b3fffb33f7d
2493<<Runtime Response<<2021-12-03 13:34:42.426 EET<<demo.TST_Compute.ValidateUsers<<11.30<<CARDINALITY<<1
2871<<Administration Result<<2021-12-03 13:34:42.426 EET<<DESKTOP-D3S4J1D\RED<<deploy<<C:/Users/RED/IBM/IIBT10/workspace/GeneratedBarFiles/WORKproject.generated.bar<<BAR<<default<<ExecutionGroup<<FAILED
WORK>>TEST>>default>>2>>1638531319759
2087<<Runtime Response<<2021-12-03 13:35:25.124 EET<<TEST<<46a71701-11e8-455e-9333-0f05d7c7aab1
4041<<Runtime Response<<2021-12-03 13:35:25.124 EET<<default<<a1b5127c-b3fa-4930-8ed6-0b3fffb33f7d
2493<<Runtime Response<<2021-12-03 13:35:25.124 EET<<demo.TST_Compute.ValidateUsers<<11.30<<CARDINALITY<<1
2871<<Administration Result<<2021-12-03 13:35:25.124 EET<<DESKTOP-D3S4J1D\RED<<deploy<<C:/Users/RED/IBM/IIBT10/workspace/GeneratedBarFiles/WORKproject.generated.bar<<BAR<<default<<ExecutionGroup<<FAILED
WORK>>TEST>>default>>2>>1638531387583
2087<<Runtime Response<<2021-12-03 13:36:32.042 EET<<TEST<<46a71701-11e8-455e-9333-0f05d7c7aab1
4041<<Runtime Response<<2021-12-03 13:36:32.042 EET<<default<<a1b5127c-b3fa-4930-8ed6-0b3fffb33f7d
2493<<Runtime Response<<2021-12-03 13:36:32.042 EET<<demo.TST_Compute.ValidateUsers<<11.30<<CARDINALITY<<1
2871<<Administration Result<<2021-12-03 13:36:32.042 EET<<DESKTOP-D3S4J1D\RED<<deploy<<C:/Users/RED/IBM/IIBT10/workspace/GeneratedBarFiles/WORKproject.generated.bar<<BAR<<default<<ExecutionGroup<<FAILED
WORK>>TEST>>default>>2>>1638531439601
2087<<Runtime Response<<2021-12-03 13:37:25.825 EET<<TEST<<46a71701-11e8-455e-9333-0f05d7c7aab1
4041<<Runtime Response<<2021-12-03 13:37:25.825 EET<<default<<a1b5127c-b3fa-4930-8ed6-0b3fffb33f7d
2935<<Runtime Response<<2021-12-03 13:37:25.825 EET<<demo.TST_Compute.ValidateUsers<<10.38
2871<<Administration Result<<2021-12-03 13:37:25.825 EET<<DESKTOP-D3S4J1D\RED<<deploy<<C:/Users/RED/IBM/IIBT10/workspace/GeneratedBarFiles/WORKproject.generated.bar<<BAR<<default<<ExecutionGroup<<FAILED
WORK>>TEST>>default>>2>>1638531472082
2087<<Runtime Response<<2021-12-03 13:37:55.397 EET<<TEST<<46a71701-11e8-455e-9333-0f05d7c7aab1
4041<<Runtime Response<<2021-12-03 13:37:55.397 EET<<default<<a1b5127c-b3fa-4930-8ed6-0b3fffb33f7d
2935<<Runtime Response<<2021-12-03 13:37:55.397 EET<<demo.TST_Compute.ValidateUsers<<10.38
2871<<Administration Result<<2021-12-03 13:37:55.397 EET<<DESKTOP-D3S4J1D\RED<<deploy<<C:/Users/RED/IBM/IIBT10/workspace/GeneratedBarFiles/WORKproject.generated.bar<<BAR<<default<<ExecutionGroup<<FAILED
WORK>>TEST>>default>>2>>1638531638206
2087<<Runtime Response<<2021-12-03 13:40:43.341 EET<<TEST<<46a71701-11e8-455e-9333-0f05d7c7aab1
4041<<Runtime Response<<2021-12-03 13:40:43.341 EET<<default<<a1b5127c-b3fa-4930-8ed6-0b3fffb33f7d
2935<<Runtime Response<<2021-12-03 13:40:43.341 EET<<demo.TST_Compute.ValidateUsers<<10.38
2871<<Administration Result<<2021-12-03 13:40:43.341 EET<<DESKTOP-D3S4J1D\RED<<deploy<<C:/Users/RED/IBM/IIBT10/workspace/GeneratedBarFiles/WORKproject.generated.bar<<BAR<<default<<ExecutionGroup<<FAILED
WORK>>TEST>>default>>2>>1638531699779
2087<<Runtime Response<<2021-12-03 13:41:43.127 EET<<TEST<<46a71701-11e8-455e-9333-0f05d7c7aab1
4041<<Runtime Response<<2021-12-03 13:41:43.127 EET<<default<<a1b5127c-b3fa-4930-8ed6-0b3fffb33f7d
2935<<Runtime Response<<2021-12-03 13:41:43.127 EET<<demo.TST_Compute.ValidateUsers<<10.38
2871<<Administration Result<<2021-12-03 13:41:43.129 EET<<DESKTOP-D3S4J1D\RED<<deploy<<C:/Users/RED/IBM/IIBT10/workspace/GeneratedBarFiles/WORKproject.generated.bar<<BAR<<default<<ExecutionGroup<<FAILED
WORK>>TEST>>default>>2>>1638531759986
2087<<Runtime Response<<2021-12-03 13:42:44.900 EET<<TEST<<46a71701-11e8-455e-9333-0f05d7c7aab1
4041<<Runtime Response<<2021-12-03 13:42:44.900 EET<<default<<a1b5127c-b3fa-4930-8ed6-0b3fffb33f7d
2935<<Runtime Response<<2021-12-03 13:42:44.900 EET<<demo.TST_Compute.ValidateUsers<<10.38
2871<<Administration Result<<2021-12-03 13:42:44.900 EET<<DESKTOP-D3S4J1D\RED<<deploy<<C:/Users/RED/IBM/IIBT10/workspace/GeneratedBarFiles/WORKproject.generated.bar<<BAR<<default<<ExecutionGroup<<FAILED
WORK>>TEST>>default>>0>>1638531878385
2871<<Administration Result<<2021-12-03 13:44:42.150 EET<<DESKTOP-D3S4J1D\RED<<deploy<<C:/Users/RED/IBM/IIBT10/workspace/GeneratedBarFiles/WORKproject.generated.bar<<BAR<<default<<ExecutionGroup<<COMPLETE
WORK>>TEST>>default>>0>>1638532049104
2871<<Administration Result<<2021-12-03 13:47:33.563 EET<<DESKTOP-D3S4J1D\RED<<deploy<<C:/Users/RED/IBM/IIBT10/workspace/GeneratedBarFiles/WORKproject.generated.bar<<BAR<<default<<ExecutionGroup<<COMPLETE
WORK>>TEST>>default>>2>>1638532616511
2087<<Runtime Response<<2021-12-03 13:57:02.751 EET<<TEST<<46a71701-11e8-455e-9333-0f05d7c7aab1
4041<<Runtime Response<<2021-12-03 13:57:02.751 EET<<default<<a1b5127c-b3fa-4930-8ed6-0b3fffb33f7d
2493<<Runtime Response<<2021-12-03 13:57:02.751 EET<<demo.TST_Compute.ValidateUsers<<28.8<<CARDINALITY<<1
2871<<Administration Result<<2021-12-03 13:57:02.751 EET<<DESKTOP-D3S4J1D\RED<<deploy<<C:/Users/RED/IBM/IIBT10/workspace/GeneratedBarFiles/WORKproject.generated.bar<<BAR<<default<<ExecutionGroup<<FAILED
WORK>>TEST>>default>>2>>1638532786180
2087<<Runtime Response<<2021-12-03 13:59:50.662 EET<<TEST<<46a71701-11e8-455e-9333-0f05d7c7aab1
4041<<Runtime Response<<2021-12-03 13:59:50.662 EET<<default<<a1b5127c-b3fa-4930-8ed6-0b3fffb33f7d
2432<<Runtime Response<<2021-12-03 13:59:50.662 EET<<demo.TST_Compute.ValidateUsers<<28.31<<EXISTS<<Environment, InputLocalEnvironment, OutputLocalEnvironment, InputRoot, InputBody, InputProperties, OutputRoot, InputExceptionList, OutputExceptionList, InputDestinationList, OutputDestinationList, userQuery, DBresult, userName, firstName, lastName, i, subscriptions, subsNumber, thisSubscription
2871<<Administration Result<<2021-12-03 13:59:50.662 EET<<DESKTOP-D3S4J1D\RED<<deploy<<C:/Users/RED/IBM/IIBT10/workspace/GeneratedBarFiles/WORKproject.generated.bar<<BAR<<default<<ExecutionGroup<<FAILED
WORK>>TEST>>default>>0>>1638532857534
2871<<Administration Result<<2021-12-03 14:01:03.558 EET<<DESKTOP-D3S4J1D\RED<<deploy<<C:/Users/RED/IBM/IIBT10/workspace/GeneratedBarFiles/WORKproject.generated.bar<<BAR<<default<<ExecutionGroup<<COMPLETE
WORK>>TEST>>default>>0>>1638533704900
2871<<Administration Result<<2021-12-03 14:16:41.138 EET<<DESKTOP-D3S4J1D\RED<<deploy<<C:/Users/RED/IBM/IIBT10/workspace/GeneratedBarFiles/WORKproject.generated.bar<<BAR<<default<<ExecutionGroup<<COMPLETE
WORK>>TEST>>default>>0>>1638533811197
2871<<Administration Result<<2021-12-03 14:16:58.290 EET<<DESKTOP-D3S4J1D\RED<<deploy<<C:/Users/RED/IBM/IIBT10/workspace/GeneratedBarFiles/WORKproject.generated.bar<<BAR<<default<<ExecutionGroup<<COMPLETE
WORK>>TEST>>default>>0>>1638534124604
2871<<Administration Result<<2021-12-03 14:22:10.032 EET<<DESKTOP-D3S4J1D\RED<<deploy<<C:/Users/RED/IBM/IIBT10/workspace/GeneratedBarFiles/WORKproject.generated.bar<<BAR<<default<<ExecutionGroup<<COMPLETE
WORK>>TEST>>default>>0>>1638534228535
2871<<Administration Result<<2021-12-03 14:23:54.299 EET<<DESKTOP-D3S4J1D\RED<<deploy<<C:/Users/RED/IBM/IIBT10/workspace/GeneratedBarFiles/WORKproject.generated.bar<<BAR<<default<<ExecutionGroup<<COMPLETE
WORK>>TEST>>default>>0>>1638534388197
2871<<Administration Result<<2021-12-03 14:26:33.806 EET<<DESKTOP-D3S4J1D\RED<<deploy<<C:/Users/RED/IBM/IIBT10/workspace/GeneratedBarFiles/WORKproject.generated.bar<<BAR<<default<<ExecutionGroup<<COMPLETE
WORK>>TEST>>default>>0>>1638534940355
2871<<Administration Result<<2021-12-03 14:35:45.618 EET<<DESKTOP-D3S4J1D\RED<<deploy<<C:/Users/RED/IBM/IIBT10/workspace/GeneratedBarFiles/WORKproject.generated.bar<<BAR<<default<<ExecutionGroup<<COMPLETE
WORK>>TEST>>default>>0>>1638535466085
2871<<Administration Result<<2021-12-03 14:44:30.671 EET<<DESKTOP-D3S4J1D\RED<<deploy<<C:/Users/RED/IBM/IIBT10/workspace/GeneratedBarFiles/WORKproject.generated.bar<<BAR<<default<<ExecutionGroup<<COMPLETE
WORK>>TEST>>default>>0>>1638535592430
2871<<Administration Result<<2021-12-03 14:46:37.057 EET<<DESKTOP-D3S4J1D\RED<<deploy<<C:/Users/RED/IBM/IIBT10/workspace/GeneratedBarFiles/WORKproject.generated.bar<<BAR<<default<<ExecutionGroup<<COMPLETE
WORK>>TEST>>default>>0>>1638535695453
2871<<Administration Result<<2021-12-03 14:48:20.444 EET<<DESKTOP-D3S4J1D\RED<<deploy<<C:/Users/RED/IBM/IIBT10/workspace/GeneratedBarFiles/WORKproject.generated.bar<<BAR<<default<<ExecutionGroup<<COMPLETE
WORK>>TEST>>default>>0>>1638535831024
2871<<Administration Result<<2021-12-03 14:50:35.555 EET<<DESKTOP-D3S4J1D\RED<<deploy<<C:/Users/RED/IBM/IIBT10/workspace/GeneratedBarFiles/WORKproject.generated.bar<<BAR<<default<<ExecutionGroup<<COMPLETE
WORK>>TEST>>default>>0>>1638536087042
2871<<Administration Result<<2021-12-03 14:54:52.103 EET<<DESKTOP-D3S4J1D\RED<<deploy<<C:/Users/RED/IBM/IIBT10/workspace/GeneratedBarFiles/WORKproject.generated.bar<<BAR<<default<<ExecutionGroup<<COMPLETE
WORK>>TEST>>default>>2>>1638536520452
2087<<Runtime Response<<2021-12-03 15:02:05.055 EET<<TEST<<46a71701-11e8-455e-9333-0f05d7c7aab1
4041<<Runtime Response<<2021-12-03 15:02:05.055 EET<<default<<a1b5127c-b3fa-4930-8ed6-0b3fffb33f7d
2493<<Runtime Response<<2021-12-03 15:02:05.055 EET<<demo.TST_Assignments.ValidateAssignments<<16.27<<CARDINALITY<<1
2871<<Administration Result<<2021-12-03 15:02:05.056 EET<<DESKTOP-D3S4J1D\RED<<deploy<<C:/Users/RED/IBM/IIBT10/workspace/GeneratedBarFiles/WORKproject.generated.bar<<BAR<<default<<ExecutionGroup<<FAILED
WORK>>TEST>>default>>2>>1638536551200
2087<<Runtime Response<<2021-12-03 15:02:36.632 EET<<TEST<<46a71701-11e8-455e-9333-0f05d7c7aab1
4041<<Runtime Response<<2021-12-03 15:02:36.632 EET<<default<<a1b5127c-b3fa-4930-8ed6-0b3fffb33f7d
2493<<Runtime Response<<2021-12-03 15:02:36.632 EET<<demo.TST_Assignments.ValidateAssignments<<24.20<<CARDINALITY<<1
2871<<Administration Result<<2021-12-03 15:02:36.632 EET<<DESKTOP-D3S4J1D\RED<<deploy<<C:/Users/RED/IBM/IIBT10/workspace/GeneratedBarFiles/WORKproject.generated.bar<<BAR<<default<<ExecutionGroup<<FAILED
WORK>>TEST>>default>>2>>1638536630177
2087<<Runtime Response<<2021-12-03 15:03:55.708 EET<<TEST<<46a71701-11e8-455e-9333-0f05d7c7aab1
4041<<Runtime Response<<2021-12-03 15:03:55.708 EET<<default<<a1b5127c-b3fa-4930-8ed6-0b3fffb33f7d
2493<<Runtime Response<<2021-12-03 15:03:55.708 EET<<demo.TST_Assignments.ValidateAssignments<<24.20<<CARDINALITY<<1
2871<<Administration Result<<2021-12-03 15:03:55.708 EET<<DESKTOP-D3S4J1D\RED<<deploy<<C:/Users/RED/IBM/IIBT10/workspace/GeneratedBarFiles/WORKproject.generated.bar<<BAR<<default<<ExecutionGroup<<FAILED
WORK>>TEST>>default>>0>>1638536677434
2871<<Administration Result<<2021-12-03 15:04:42.319 EET<<DESKTOP-D3S4J1D\RED<<deploy<<C:/Users/RED/IBM/IIBT10/workspace/GeneratedBarFiles/WORKproject.generated.bar<<BAR<<default<<ExecutionGroup<<COMPLETE
WORK>>TEST>>default>>0>>1638538398346
2871<<Administration Result<<2021-12-03 15:33:23.408 EET<<DESKTOP-D3S4J1D\RED<<deploy<<C:/Users/RED/IBM/IIBT10/workspace/GeneratedBarFiles/WORKproject.generated.bar<<BAR<<default<<ExecutionGroup<<COMPLETE
WORK>>TEST>>default>>0>>1638538574301
2871<<Administration Result<<2021-12-03 15:36:20.082 EET<<DESKTOP-D3S4J1D\RED<<deploy<<C:/Users/RED/IBM/IIBT10/workspace/GeneratedBarFiles/WORKproject.generated.bar<<BAR<<default<<ExecutionGroup<<COMPLETE
WORK>>TEST>>default>>0>>1638538659890
2871<<Administration Result<<2021-12-03 15:37:44.417 EET<<DESKTOP-D3S4J1D\RED<<deploy<<C:/Users/RED/IBM/IIBT10/workspace/GeneratedBarFiles/WORKproject.generated.bar<<BAR<<default<<ExecutionGroup<<COMPLETE
WORK>>TEST>>default>>0>>1638715140330
2871<<Administration Result<<2021-12-05 16:39:06.670 EET<<DESKTOP-D3S4J1D\RED<<deploy<<C:/Users/RED/IBM/IIBT10/workspace/GeneratedBarFiles/WORKproject.generated.bar<<BAR<<default<<ExecutionGroup<<COMPLETE
WORK>>TEST>>default>>0>>1638715674643
2871<<Administration Result<<2021-12-05 16:48:01.752 EET<<DESKTOP-D3S4J1D\RED<<deploy<<C:/Users/RED/IBM/IIBT10/workspace/GeneratedBarFiles/WORKproject.generated.bar<<BAR<<default<<ExecutionGroup<<COMPLETE
WORK>>TEST>>default>>0>>1638716039131
2871<<Administration Result<<2021-12-05 16:54:04.940 EET<<DESKTOP-D3S4J1D\RED<<deploy<<C:/Users/RED/IBM/IIBT10/workspace/GeneratedBarFiles/WORKproject.generated.bar<<BAR<<default<<ExecutionGroup<<COMPLETE
WORK>>TEST>>default>>2>>1638716335125
2087<<Runtime Response<<2021-12-05 16:59:09.614 EET<<TEST<<46a71701-11e8-455e-9333-0f05d7c7aab1
2039<<Runtime Response<<2021-12-05 16:59:09.614 EET<<TEST<<46a71701-11e8-455e-9333-0f05d7c7aab1<<default<<600000
2871<<Administration Result<<2021-12-05 16:59:09.614 EET<<DESKTOP-D3S4J1D\RED<<deploy<<C:/Users/RED/IBM/IIBT10/workspace/GeneratedBarFiles/WORKproject.generated.bar<<BAR<<default<<ExecutionGroup<<FAILED
WORK>>TEST>>default>>0>>1638716380275
2871<<Administration Result<<2021-12-05 16:59:46.539 EET<<DESKTOP-D3S4J1D\RED<<deploy<<C:/Users/RED/IBM/IIBT10/workspace/GeneratedBarFiles/WORKproject.generated.bar<<BAR<<default<<ExecutionGroup<<COMPLETE
WORK>>TEST>>default>>2>>1638716458434
2087<<Runtime Response<<2021-12-05 17:01:03.837 EET<<TEST<<46a71701-11e8-455e-9333-0f05d7c7aab1
4041<<Runtime Response<<2021-12-05 17:01:03.837 EET<<default<<a1b5127c-b3fa-4930-8ed6-0b3fffb33f7d
2935<<Runtime Response<<2021-12-05 17:01:03.838 EET<<demo.TST_Assignments.ValidateAssignments<<20.37
2871<<Administration Result<<2021-12-05 17:01:03.838 EET<<DESKTOP-D3S4J1D\RED<<deploy<<C:/Users/RED/IBM/IIBT10/workspace/GeneratedBarFiles/WORKproject.generated.bar<<BAR<<default<<ExecutionGroup<<FAILED
WORK>>TEST>>default>>2>>1638716478174
2087<<Runtime Response<<2021-12-05 17:01:23.577 EET<<TEST<<46a71701-11e8-455e-9333-0f05d7c7aab1
4041<<Runtime Response<<2021-12-05 17:01:23.579 EET<<default<<a1b5127c-b3fa-4930-8ed6-0b3fffb33f7d
2935<<Runtime Response<<2021-12-05 17:01:23.579 EET<<demo.TST_Assignments.ValidateAssignments<<20.37
2871<<Administration Result<<2021-12-05 17:01:23.579 EET<<DESKTOP-D3S4J1D\RED<<deploy<<C:/Users/RED/IBM/IIBT10/workspace/GeneratedBarFiles/WORKproject.generated.bar<<BAR<<default<<ExecutionGroup<<FAILED
WORK>>TEST>>default>>0>>1638716528584
2871<<Administration Result<<2021-12-05 17:02:12.146 EET<<DESKTOP-D3S4J1D\RED<<deploy<<C:/Users/RED/IBM/IIBT10/workspace/GeneratedBarFiles/WORKproject.generated.bar<<BAR<<default<<ExecutionGroup<<COMPLETE
WORK>>TEST>>default>>2>>1638716766824
2087<<Runtime Response<<2021-12-05 17:06:12.451 EET<<TEST<<46a71701-11e8-455e-9333-0f05d7c7aab1
4041<<Runtime Response<<2021-12-05 17:06:12.451 EET<<default<<a1b5127c-b3fa-4930-8ed6-0b3fffb33f7d
2935<<Runtime Response<<2021-12-05 17:06:12.451 EET<<demo.TST_Assignments.ValidateAssignments<<20.37
2871<<Administration Result<<2021-12-05 17:06:12.451 EET<<DESKTOP-D3S4J1D\RED<<deploy<<C:/Users/RED/IBM/IIBT10/workspace/GeneratedBarFiles/WORKproject.generated.bar<<BAR<<default<<ExecutionGroup<<FAILED
WORK>>TEST>>default>>0>>1638716789180
2871<<Administration Result<<2021-12-05 17:06:34.778 EET<<DESKTOP-D3S4J1D\RED<<deploy<<C:/Users/RED/IBM/IIBT10/workspace/GeneratedBarFiles/WORKproject.generated.bar<<BAR<<default<<ExecutionGroup<<COMPLETE
WORK>>TEST>>default>>0>>1638716872550
2871<<Administration Result<<2021-12-05 17:07:59.220 EET<<DESKTOP-D3S4J1D\RED<<deploy<<C:/Users/RED/IBM/IIBT10/workspace/GeneratedBarFiles/WORKproject.generated.bar<<BAR<<default<<ExecutionGroup<<COMPLETE
WORK>>TEST>>default>>0>>1638717104937
2871<<Administration Result<<2021-12-05 17:11:50.355 EET<<DESKTOP-D3S4J1D\RED<<deploy<<C:/Users/RED/IBM/IIBT10/workspace/GeneratedBarFiles/WORKproject.generated.bar<<BAR<<default<<ExecutionGroup<<COMPLETE
WORK>>TEST>>default>>2>>1638717352463
2087<<Runtime Response<<2021-12-05 17:16:05.865 EET<<TEST<<46a71701-11e8-455e-9333-0f05d7c7aab1
2039<<Runtime Response<<2021-12-05 17:16:05.865 EET<<TEST<<46a71701-11e8-455e-9333-0f05d7c7aab1<<default<<600000
2871<<Administration Result<<2021-12-05 17:16:05.866 EET<<DESKTOP-D3S4J1D\RED<<deploy<<C:/Users/RED/IBM/IIBT10/workspace/GeneratedBarFiles/WORKproject.generated.bar<<BAR<<default<<ExecutionGroup<<FAILED
WORK>>TEST>>default>>0>>1638717383607
2871<<Administration Result<<2021-12-05 17:16:29.433 EET<<DESKTOP-D3S4J1D\RED<<deploy<<C:/Users/RED/IBM/IIBT10/workspace/GeneratedBarFiles/WORKproject.generated.bar<<BAR<<default<<ExecutionGroup<<COMPLETE
WORK>>TEST>>default>>2>>1638717442840
2087<<Runtime Response<<2021-12-05 17:17:29.730 EET<<TEST<<46a71701-11e8-455e-9333-0f05d7c7aab1
4041<<Runtime Response<<2021-12-05 17:17:29.730 EET<<default<<a1b5127c-b3fa-4930-8ed6-0b3fffb33f7d
2496<<Runtime Response<<2021-12-05 17:17:29.730 EET<<demo.TST_Assignments.ValidateAssignments<<20.28
2871<<Administration Result<<2021-12-05 17:17:29.730 EET<<DESKTOP-D3S4J1D\RED<<deploy<<C:/Users/RED/IBM/IIBT10/workspace/GeneratedBarFiles/WORKproject.generated.bar<<BAR<<default<<ExecutionGroup<<FAILED
WORK>>TEST>>default>>2>>1638717464025
2087<<Runtime Response<<2021-12-05 17:17:48.202 EET<<TEST<<46a71701-11e8-455e-9333-0f05d7c7aab1
4041<<Runtime Response<<2021-12-05 17:17:48.202 EET<<default<<a1b5127c-b3fa-4930-8ed6-0b3fffb33f7d
2496<<Runtime Response<<2021-12-05 17:17:48.202 EET<<demo.TST_Assignments.ValidateAssignments<<20.28
2871<<Administration Result<<2021-12-05 17:17:48.202 EET<<DESKTOP-D3S4J1D\RED<<deploy<<C:/Users/RED/IBM/IIBT10/workspace/GeneratedBarFiles/WORKproject.generated.bar<<BAR<<default<<ExecutionGroup<<FAILED
WORK>>TEST>>default>>2>>1638717903612
2087<<Runtime Response<<2021-12-05 17:25:09.960 EET<<TEST<<46a71701-11e8-455e-9333-0f05d7c7aab1
4041<<Runtime Response<<2021-12-05 17:25:09.960 EET<<default<<a1b5127c-b3fa-4930-8ed6-0b3fffb33f7d
2496<<Runtime Response<<2021-12-05 17:25:09.960 EET<<demo.TST_Assignments.ValidateAssignments<<20.28
2871<<Administration Result<<2021-12-05 17:25:09.960 EET<<DESKTOP-D3S4J1D\RED<<deploy<<C:/Users/RED/IBM/IIBT10/workspace/GeneratedBarFiles/WORKproject.generated.bar<<BAR<<default<<ExecutionGroup<<FAILED
WORK>>TEST>>default>>0>>1638718478121
2871<<Administration Result<<2021-12-05 17:34:43.752 EET<<DESKTOP-D3S4J1D\RED<<deploy<<C:/Users/RED/IBM/IIBT10/workspace/GeneratedBarFiles/WORKproject.generated.bar<<BAR<<default<<ExecutionGroup<<COMPLETE
WORK>>TEST>>default>>0>>1638718547814
2871<<Administration Result<<2021-12-05 17:35:53.890 EET<<DESKTOP-D3S4J1D\RED<<deploy<<C:/Users/RED/IBM/IIBT10/workspace/GeneratedBarFiles/WORKproject.generated.bar<<BAR<<default<<ExecutionGroup<<COMPLETE
WORK>>TEST>>default>>0>>1638718676678
2871<<Administration Result<<2021-12-05 17:38:01.957 EET<<DESKTOP-D3S4J1D\RED<<deploy<<C:/Users/RED/IBM/IIBT10/workspace/GeneratedBarFiles/WORKproject.generated.bar<<BAR<<default<<ExecutionGroup<<COMPLETE
WORK>>TEST>>default>>0>>1638718784012
2871<<Administration Result<<2021-12-05 17:39:50.396 EET<<DESKTOP-D3S4J1D\RED<<deploy<<C:/Users/RED/IBM/IIBT10/workspace/GeneratedBarFiles/WORKproject.generated.bar<<BAR<<default<<ExecutionGroup<<COMPLETE
WORK>>TEST>>default>>2>>1638719192431
2087<<Runtime Response<<2021-12-05 17:46:38.639 EET<<TEST<<46a71701-11e8-455e-9333-0f05d7c7aab1
4041<<Runtime Response<<2021-12-05 17:46:38.639 EET<<default<<a1b5127c-b3fa-4930-8ed6-0b3fffb33f7d
2432<<Runtime Response<<2021-12-05 17:46:38.640 EET<<demo.TST_Assignments.ValidateAssignments<<32.9<<userAssignResultSize<<Environment, InputLocalEnvironment, OutputLocalEnvironment, InputRoot, InputBody, InputProperties, OutputRoot, InputExceptionList, OutputExceptionList, InputDestinationList, OutputDestinationList, assignmnentsQuery, insertQuery, userId, assignChannel, i, j, assignsNo, userAssignResult, users, usersNo, user, assignments
2871<<Administration Result<<2021-12-05 17:46:38.640 EET<<DESKTOP-D3S4J1D\RED<<deploy<<C:/Users/RED/IBM/IIBT10/workspace/GeneratedBarFiles/WORKproject.generated.bar<<BAR<<default<<ExecutionGroup<<FAILED
WORK>>TEST>>default>>0>>1638719339179
2871<<Administration Result<<2021-12-05 17:49:05.167 EET<<DESKTOP-D3S4J1D\RED<<deploy<<C:/Users/RED/IBM/IIBT10/workspace/GeneratedBarFiles/WORKproject.generated.bar<<BAR<<default<<ExecutionGroup<<COMPLETE
WORK>>TEST>>default>>0>>1638720060554
2871<<Administration Result<<2021-12-05 18:03:18.910 EET<<DESKTOP-D3S4J1D\RED<<deploy<<C:/Users/RED/IBM/IIBT10/workspace/GeneratedBarFiles/WORKproject.generated.bar<<BAR<<default<<ExecutionGroup<<COMPLETE
WORK>>TEST>>default>>0>>1638720145810
2871<<Administration Result<<2021-12-05 18:03:25.025 EET<<DESKTOP-D3S4J1D\RED<<deploy<<C:/Users/RED/IBM/IIBT10/workspace/GeneratedBarFiles/WORKproject.generated.bar<<BAR<<default<<ExecutionGroup<<COMPLETE
WORK>>TEST>>default>>0>>1638720216259
2871<<Administration Result<<2021-12-05 18:03:42.202 EET<<DESKTOP-D3S4J1D\RED<<deploy<<C:/Users/RED/IBM/IIBT10/workspace/GeneratedBarFiles/WORKproject.generated.bar<<BAR<<default<<ExecutionGroup<<COMPLETE
WORK>>TEST>>default>>0>>1638720232776
2871<<Administration Result<<2021-12-05 18:03:59.261 EET<<DESKTOP-D3S4J1D\RED<<deploy<<C:/Users/RED/IBM/IIBT10/workspace/GeneratedBarFiles/WORKproject.generated.bar<<BAR<<default<<ExecutionGroup<<COMPLETE
WORK>>TEST>>default>>0>>1638720359849
2871<<Administration Result<<2021-12-05 18:06:27.908 EET<<DESKTOP-D3S4J1D\RED<<deploy<<C:/Users/RED/IBM/IIBT10/workspace/GeneratedBarFiles/WORKproject.generated.bar<<BAR<<default<<ExecutionGroup<<COMPLETE
WORK>>TEST>>default>>0>>1638720398574
2871<<Administration Result<<2021-12-05 18:06:44.057 EET<<DESKTOP-D3S4J1D\RED<<deploy<<C:/Users/RED/IBM/IIBT10/workspace/GeneratedBarFiles/WORKproject.generated.bar<<BAR<<default<<ExecutionGroup<<COMPLETE
WORK>>TEST>>default>>2>>1638720874984
2087<<Runtime Response<<2021-12-05 18:14:59.342 EET<<TEST<<46a71701-11e8-455e-9333-0f05d7c7aab1
4041<<Runtime Response<<2021-12-05 18:14:59.342 EET<<default<<a1b5127c-b3fa-4930-8ed6-0b3fffb33f7d
2432<<Runtime Response<<2021-12-05 18:14:59.342 EET<<demo.TST_Insert.Main<<4.26<<InputRoot.XMLNSC.result.user_id<<Environment, LocalEnvironment, Root, Body, Properties, ExceptionList, DestinationList, userId
2871<<Administration Result<<2021-12-05 18:14:59.342 EET<<DESKTOP-D3S4J1D\RED<<deploy<<C:/Users/RED/IBM/IIBT10/workspace/GeneratedBarFiles/WORKproject.generated.bar<<BAR<<default<<ExecutionGroup<<FAILED
WORK>>TEST>>default>>2>>1638720905472
2087<<Runtime Response<<2021-12-05 18:15:10.717 EET<<TEST<<46a71701-11e8-455e-9333-0f05d7c7aab1
4041<<Runtime Response<<2021-12-05 18:15:10.717 EET<<default<<a1b5127c-b3fa-4930-8ed6-0b3fffb33f7d
2432<<Runtime Response<<2021-12-05 18:15:10.717 EET<<demo.TST_Insert.Main<<4.26<<InputRoot.XMLNSC.result.user_id<<Environment, LocalEnvironment, Root, Body, Properties, ExceptionList, DestinationList, userId
2871<<Administration Result<<2021-12-05 18:15:10.717 EET<<DESKTOP-D3S4J1D\RED<<deploy<<C:/Users/RED/IBM/IIBT10/workspace/GeneratedBarFiles/WORKproject.generated.bar<<BAR<<default<<ExecutionGroup<<FAILED
WORK>>TEST>>default>>2>>1638721005786
2087<<Runtime Response<<2021-12-05 18:16:50.959 EET<<TEST<<46a71701-11e8-455e-9333-0f05d7c7aab1
4041<<Runtime Response<<2021-12-05 18:16:50.959 EET<<default<<a1b5127c-b3fa-4930-8ed6-0b3fffb33f7d
2432<<Runtime Response<<2021-12-05 18:16:50.959 EET<<demo.TST_Insert.Main<<6.26<<InputRoot.XMLNSC.result.user_id<<Environment, LocalEnvironment, Root, Body, Properties, ExceptionList, DestinationList, userId
2871<<Administration Result<<2021-12-05 18:16:50.959 EET<<DESKTOP-D3S4J1D\RED<<deploy<<C:/Users/RED/IBM/IIBT10/workspace/GeneratedBarFiles/WORKproject.generated.bar<<BAR<<default<<ExecutionGroup<<FAILED
WORK>>TEST>>default>>2>>1638721065821
2087<<Runtime Response<<2021-12-05 18:17:50.808 EET<<TEST<<46a71701-11e8-455e-9333-0f05d7c7aab1
4041<<Runtime Response<<2021-12-05 18:17:50.808 EET<<default<<a1b5127c-b3fa-4930-8ed6-0b3fffb33f7d
2432<<Runtime Response<<2021-12-05 18:17:50.808 EET<<demo.TST_Insert.Main<<6.31<<InputRoot.XMLNSC.result.user_id<<Environment, LocalEnvironment, Root, Body, Properties, ExceptionList, DestinationList, userId
2871<<Administration Result<<2021-12-05 18:17:50.808 EET<<DESKTOP-D3S4J1D\RED<<deploy<<C:/Users/RED/IBM/IIBT10/workspace/GeneratedBarFiles/WORKproject.generated.bar<<BAR<<default<<ExecutionGroup<<FAILED
WORK>>TEST>>default>>2>>1638721164732
2087<<Runtime Response<<2021-12-05 18:19:30.086 EET<<TEST<<46a71701-11e8-455e-9333-0f05d7c7aab1
4041<<Runtime Response<<2021-12-05 18:19:30.086 EET<<default<<a1b5127c-b3fa-4930-8ed6-0b3fffb33f7d
2432<<Runtime Response<<2021-12-05 18:19:30.086 EET<<demo.TST_Insert.Main<<4.84<<InputRoot.XMLNSC.result.user_id<<Environment, LocalEnvironment, Root, Body, Properties, ExceptionList, DestinationList
2871<<Administration Result<<2021-12-05 18:19:30.086 EET<<DESKTOP-D3S4J1D\RED<<deploy<<C:/Users/RED/IBM/IIBT10/workspace/GeneratedBarFiles/WORKproject.generated.bar<<BAR<<default<<ExecutionGroup<<FAILED
WORK>>TEST>>default>>2>>1638721205344
2087<<Runtime Response<<2021-12-05 18:20:11.876 EET<<TEST<<46a71701-11e8-455e-9333-0f05d7c7aab1
4041<<Runtime Response<<2021-12-05 18:20:11.876 EET<<default<<a1b5127c-b3fa-4930-8ed6-0b3fffb33f7d
2432<<Runtime Response<<2021-12-05 18:20:11.876 EET<<demo.TST_Insert.Main<<4.87<<<<Environment, LocalEnvironment, Root, Body, Properties, ExceptionList, DestinationList
2871<<Administration Result<<2021-12-05 18:20:11.876 EET<<DESKTOP-D3S4J1D\RED<<deploy<<C:/Users/RED/IBM/IIBT10/workspace/GeneratedBarFiles/WORKproject.generated.bar<<BAR<<default<<ExecutionGroup<<FAILED
WORK>>TEST>>default>>2>>1638721340855
2087<<Runtime Response<<2021-12-05 18:22:26.514 EET<<TEST<<46a71701-11e8-455e-9333-0f05d7c7aab1
4041<<Runtime Response<<2021-12-05 18:22:26.514 EET<<default<<a1b5127c-b3fa-4930-8ed6-0b3fffb33f7d
2432<<Runtime Response<<2021-12-05 18:22:26.514 EET<<demo.TST_Insert.Main<<4.15<<demo.messages<<Database, Environment, LocalEnvironment, Root, Body, Properties, ExceptionList, DestinationList
2871<<Administration Result<<2021-12-05 18:22:26.514 EET<<DESKTOP-D3S4J1D\RED<<deploy<<C:/Users/RED/IBM/IIBT10/workspace/GeneratedBarFiles/WORKproject.generated.bar<<BAR<<default<<ExecutionGroup<<FAILED
WORK>>TEST>>default>>0>>1638721365884
2871<<Administration Result<<2021-12-05 18:22:50.840 EET<<DESKTOP-D3S4J1D\RED<<deploy<<C:/Users/RED/IBM/IIBT10/workspace/GeneratedBarFiles/WORKproject.generated.bar<<BAR<<default<<ExecutionGroup<<COMPLETE
WORK>>TEST>>default>>0>>1638721520176
2871<<Administration Result<<2021-12-05 18:25:59.188 EET<<DESKTOP-D3S4J1D\RED<<deploy<<C:/Users/RED/IBM/IIBT10/workspace/GeneratedBarFiles/WORKproject.generated.bar<<BAR<<default<<ExecutionGroup<<COMPLETE
WORK>>TEST>>default>>0>>1638721583957
2871<<Administration Result<<2021-12-05 18:26:29.277 EET<<DESKTOP-D3S4J1D\RED<<deploy<<C:/Users/RED/IBM/IIBT10/workspace/GeneratedBarFiles/WORKproject.generated.bar<<BAR<<default<<ExecutionGroup<<COMPLETE
WORK>>TEST>>default>>2>>1638721788238
2087<<Runtime Response<<2021-12-05 18:30:03.433 EET<<TEST<<46a71701-11e8-455e-9333-0f05d7c7aab1
2039<<Runtime Response<<2021-12-05 18:30:03.433 EET<<TEST<<46a71701-11e8-455e-9333-0f05d7c7aab1<<default<<600000
2871<<Administration Result<<2021-12-05 18:30:03.433 EET<<DESKTOP-D3S4J1D\RED<<deploy<<C:/Users/RED/IBM/IIBT10/workspace/GeneratedBarFiles/WORKproject.generated.bar<<BAR<<default<<ExecutionGroup<<FAILED
WORK>>TEST>>default>>2>>1638721841769
2087<<Runtime Response<<2021-12-05 18:30:47.556 EET<<TEST<<46a71701-11e8-455e-9333-0f05d7c7aab1
4041<<Runtime Response<<2021-12-05 18:30:47.556 EET<<default<<a1b5127c-b3fa-4930-8ed6-0b3fffb33f7d
2432<<Runtime Response<<2021-12-05 18:30:47.556 EET<<demo.TST_Insert.Main<<5.12<<InputRoot.XMLNSC.result.user_id<<Environment, LocalEnvironment, Root, Body, Properties, ExceptionList, DestinationList
2871<<Administration Result<<2021-12-05 18:30:47.556 EET<<DESKTOP-D3S4J1D\RED<<deploy<<C:/Users/RED/IBM/IIBT10/workspace/GeneratedBarFiles/WORKproject.generated.bar<<BAR<<default<<ExecutionGroup<<FAILED
WORK>>TEST>>default>>2>>1638722022137
2087<<Runtime Response<<2021-12-05 18:33:46.664 EET<<TEST<<46a71701-11e8-455e-9333-0f05d7c7aab1
4041<<Runtime Response<<2021-12-05 18:33:46.665 EET<<default<<a1b5127c-b3fa-4930-8ed6-0b3fffb33f7d
2432<<Runtime Response<<2021-12-05 18:33:46.665 EET<<demo.TST_Insert.CopyEntireMessage<<2.7<<OutputRoot<<Environment, LocalEnvironment, Root, Body, Properties, ExceptionList, DestinationList
2871<<Administration Result<<2021-12-05 18:33:46.665 EET<<DESKTOP-D3S4J1D\RED<<deploy<<C:/Users/RED/IBM/IIBT10/workspace/GeneratedBarFiles/WORKproject.generated.bar<<BAR<<default<<ExecutionGroup<<FAILED
WORK>>TEST>>default>>2>>1638722122881
2087<<Runtime Response<<2021-12-05 18:35:27.980 EET<<TEST<<46a71701-11e8-455e-9333-0f05d7c7aab1
4041<<Runtime Response<<2021-12-05 18:35:27.980 EET<<default<<a1b5127c-b3fa-4930-8ed6-0b3fffb33f7d
2432<<Runtime Response<<2021-12-05 18:35:27.980 EET<<demo.TST_Insert.Main<<4.7<<OutputRoot<<Environment, LocalEnvironment, Root, Body, Properties, ExceptionList, DestinationList
2871<<Administration Result<<2021-12-05 18:35:27.980 EET<<DESKTOP-D3S4J1D\RED<<deploy<<C:/Users/RED/IBM/IIBT10/workspace/GeneratedBarFiles/WORKproject.generated.bar<<BAR<<default<<ExecutionGroup<<FAILED
WORK>>TEST>>default>>2>>1638722190398
2087<<Runtime Response<<2021-12-05 18:36:36.063 EET<<TEST<<46a71701-11e8-455e-9333-0f05d7c7aab1
4041<<Runtime Response<<2021-12-05 18:36:36.063 EET<<default<<a1b5127c-b3fa-4930-8ed6-0b3fffb33f7d
2432<<Runtime Response<<2021-12-05 18:36:36.063 EET<<demo.TST_Insert.Main<<4.35<<InputRoot.XMLNSC<<Environment, LocalEnvironment, Root, Body, Properties, ExceptionList, DestinationList, everything
2871<<Administration Result<<2021-12-05 18:36:36.063 EET<<DESKTOP-D3S4J1D\RED<<deploy<<C:/Users/RED/IBM/IIBT10/workspace/GeneratedBarFiles/WORKproject.generated.bar<<BAR<<default<<ExecutionGroup<<FAILED
WORK>>TEST>>default>>0>>1638722293120
2871<<Administration Result<<2021-12-05 18:38:19.218 EET<<DESKTOP-D3S4J1D\RED<<deploy<<C:/Users/RED/IBM/IIBT10/workspace/GeneratedBarFiles/WORKproject.generated.bar<<BAR<<default<<ExecutionGroup<<COMPLETE
WORK>>TEST>>default>>2>>1638723222153
2087<<Runtime Response<<2021-12-05 18:54:12.625 EET<<TEST<<46a71701-11e8-455e-9333-0f05d7c7aab1
2039<<Runtime Response<<2021-12-05 18:54:12.625 EET<<TEST<<46a71701-11e8-455e-9333-0f05d7c7aab1<<default<<600000
2871<<Administration Result<<2021-12-05 18:54:12.625 EET<<DESKTOP-D3S4J1D\RED<<deploy<<C:/Users/RED/IBM/IIBT10/workspace/GeneratedBarFiles/WORKproject.generated.bar<<BAR<<default<<ExecutionGroup<<FAILED
WORK>>TEST>>default>>0>>1638723269148
2871<<Administration Result<<2021-12-05 18:54:34.269 EET<<DESKTOP-D3S4J1D\RED<<deploy<<C:/Users/RED/IBM/IIBT10/workspace/GeneratedBarFiles/WORKproject.generated.bar<<BAR<<default<<ExecutionGroup<<COMPLETE
WORK>>TEST>>default>>2>>1638725450825
2087<<Runtime Response<<2021-12-05 19:30:56.277 EET<<TEST<<46a71701-11e8-455e-9333-0f05d7c7aab1
4041<<Runtime Response<<2021-12-05 19:30:56.277 EET<<default<<a1b5127c-b3fa-4930-8ed6-0b3fffb33f7d
2432<<Runtime Response<<2021-12-05 19:30:56.277 EET<<demo.TST_Insert.Main<<4.18<<id<<Environment, LocalEnvironment, Root, Body, Properties, ExceptionList, DestinationList
2871<<Administration Result<<2021-12-05 19:30:56.277 EET<<DESKTOP-D3S4J1D\RED<<deploy<<C:/Users/RED/IBM/IIBT10/workspace/GeneratedBarFiles/WORKproject.generated.bar<<BAR<<default<<ExecutionGroup<<FAILED
WORK>>TEST>>default>>0>>1638725482237
2871<<Administration Result<<2021-12-05 19:31:27.677 EET<<DESKTOP-D3S4J1D\RED<<deploy<<C:/Users/RED/IBM/IIBT10/workspace/GeneratedBarFiles/WORKproject.generated.bar<<BAR<<default<<ExecutionGroup<<COMPLETE
INSERT_App>>TEST>>default>>0>>1638725830996
2871<<Administration Result<<2021-12-05 19:37:11.094 EET<<DESKTOP-D3S4J1D\RED<<deploy<<C:/Users/RED/IBM/IIBT10/workspace/GeneratedBarFiles/INSERT_Appproject.generated.bar<<BAR<<default<<ExecutionGroup<<COMPLETE
INSERT_App>>TEST>>default>>0>>1638726075617
2871<<Administration Result<<2021-12-05 19:41:22.549 EET<<DESKTOP-D3S4J1D\RED<<deploy<<C:/Users/RED/IBM/IIBT10/workspace/GeneratedBarFiles/INSERT_Appproject.generated.bar<<BAR<<default<<ExecutionGroup<<COMPLETE
WORK>>TEST>>default>>2>>1638787539151
2087<<Runtime Response<<2021-12-06 12:45:53.499 EET<<TEST<<46a71701-11e8-455e-9333-0f05d7c7aab1
2039<<Runtime Response<<2021-12-06 12:45:53.499 EET<<TEST<<46a71701-11e8-455e-9333-0f05d7c7aab1<<default<<600000
2871<<Administration Result<<2021-12-06 12:45:53.499 EET<<DESKTOP-D3S4J1D\RED<<deploy<<C:/Users/RED/IBM/IIBT10/workspace/GeneratedBarFiles/WORKproject.generated.bar<<BAR<<default<<ExecutionGroup<<FAILED
WORK>>TEST>>default>>0>>1638787573111
2871<<Administration Result<<2021-12-06 12:46:19.086 EET<<DESKTOP-D3S4J1D\RED<<deploy<<C:/Users/RED/IBM/IIBT10/workspace/GeneratedBarFiles/WORKproject.generated.bar<<BAR<<default<<ExecutionGroup<<COMPLETE
MessageModels>>TEST>>default>>0>>1638789455482
2871<<Administration Result<<2021-12-06 13:18:10.496 EET<<DESKTOP-D3S4J1D\RED<<deploy<<C:/Users/RED/IBM/IIBT10/workspace/GeneratedBarFiles/MessageModelsproject.generated.bar<<BAR<<default<<ExecutionGroup<<COMPLETE
MessageModels>>TEST>>default>>0>>1638789577619
2871<<Administration Result<<2021-12-06 13:19:45.342 EET<<DESKTOP-D3S4J1D\RED<<deploy<<C:/Users/RED/IBM/IIBT10/workspace/GeneratedBarFiles/MessageModelsproject.generated.bar<<BAR<<default<<ExecutionGroup<<COMPLETE
WORK>>TEST>>default>>0>>1638789594967
2871<<Administration Result<<2021-12-06 13:19:57.548 EET<<DESKTOP-D3S4J1D\RED<<deploy<<C:/Users/RED/IBM/IIBT10/workspace/GeneratedBarFiles/WORKproject.generated.bar<<BAR<<default<<ExecutionGroup<<COMPLETE
WORK>>TEST>>default>>0>>1638791034669
2871<<Administration Result<<2021-12-06 13:44:00.204 EET<<DESKTOP-D3S4J1D\RED<<deploy<<C:/Users/RED/IBM/IIBT10/workspace/GeneratedBarFiles/WORKproject.generated.bar<<BAR<<default<<ExecutionGroup<<COMPLETE
WORK>>TEST>>default>>0>>1638791705483
2871<<Administration Result<<2021-12-06 13:55:08.946 EET<<DESKTOP-D3S4J1D\RED<<deploy<<C:/Users/RED/IBM/IIBT10/workspace/GeneratedBarFiles/WORKproject.generated.bar<<BAR<<default<<ExecutionGroup<<COMPLETE
WORK>>TEST>>default>>0>>1638792573732
2871<<Administration Result<<2021-12-06 14:09:38.175 EET<<DESKTOP-D3S4J1D\RED<<deploy<<C:/Users/RED/IBM/IIBT10/workspace/GeneratedBarFiles/WORKproject.generated.bar<<BAR<<default<<ExecutionGroup<<COMPLETE
WORK>>TEST>>default>>0>>1638792774699
2871<<Administration Result<<2021-12-06 14:12:59.605 EET<<DESKTOP-D3S4J1D\RED<<deploy<<C:/Users/RED/IBM/IIBT10/workspace/GeneratedBarFiles/WORKproject.generated.bar<<BAR<<default<<ExecutionGroup<<COMPLETE
WORK>>TEST>>default>>0>>1638793316512
2871<<Administration Result<<2021-12-06 14:22:01.680 EET<<DESKTOP-D3S4J1D\RED<<deploy<<C:/Users/RED/IBM/IIBT10/workspace/GeneratedBarFiles/WORKproject.generated.bar<<BAR<<default<<ExecutionGroup<<COMPLETE
WORK>>TEST>>default>>2>>1638793515184
2087<<Runtime Response<<2021-12-06 14:25:27.611 EET<<TEST<<46a71701-11e8-455e-9333-0f05d7c7aab1
2039<<Runtime Response<<2021-12-06 14:25:27.611 EET<<TEST<<46a71701-11e8-455e-9333-0f05d7c7aab1<<default<<600000
2871<<Administration Result<<2021-12-06 14:25:27.611 EET<<DESKTOP-D3S4J1D\RED<<deploy<<C:/Users/RED/IBM/IIBT10/workspace/GeneratedBarFiles/WORKproject.generated.bar<<BAR<<default<<ExecutionGroup<<FAILED
WORK>>TEST>>default>>2>>1638793536689
2087<<Runtime Response<<2021-12-06 14:25:45.421 EET<<TEST<<46a71701-11e8-455e-9333-0f05d7c7aab1
4041<<Runtime Response<<2021-12-06 14:25:45.421 EET<<default<<a1b5127c-b3fa-4930-8ed6-0b3fffb33f7d
2935<<Runtime Response<<2021-12-06 14:25:45.421 EET<<demo.TST_CSV_XML_Compute.Main<<7.31
2871<<Administration Result<<2021-12-06 14:25:45.421 EET<<DESKTOP-D3S4J1D\RED<<deploy<<C:/Users/RED/IBM/IIBT10/workspace/GeneratedBarFiles/WORKproject.generated.bar<<BAR<<default<<ExecutionGroup<<FAILED
Transformation_ESQL>>TESTNODE_RED>>default>>0>>1638793738647
2871<<Administration Result<<2021-12-06 14:28:59.112 EET<<DESKTOP-D3S4J1D\RED<<deploy<<C:/Users/RED/IBM/IIBT10/workspace/GeneratedBarFiles/Transformation_ESQLproject.generated.bar<<BAR<<default<<ExecutionGroup<<COMPLETE
Transformation_ESQL>>TESTNODE_RED>>default>>0>>1638793976278
2871<<Administration Result<<2021-12-06 14:32:56.525 EET<<DESKTOP-D3S4J1D\RED<<deploy<<C:/Users/RED/IBM/IIBT10/workspace/GeneratedBarFiles/Transformation_ESQLproject.generated.bar<<BAR<<default<<ExecutionGroup<<COMPLETE
WORK>>TEST>>default>>0>>1638794233482
2871<<Administration Result<<2021-12-06 14:37:19.660 EET<<DESKTOP-D3S4J1D\RED<<deploy<<C:/Users/RED/IBM/IIBT10/workspace/GeneratedBarFiles/WORKproject.generated.bar<<BAR<<default<<ExecutionGroup<<COMPLETE
